Build target 'F103RCT6_RTC'
assembling startup_stm32f103xb.s...
compiling main.c...
compiling gpio.c...
compiling rtc.c...
compiling usart.c...
compiling stm32f1xx_it.c...
compiling stm32f1xx_hal_msp.c...
compiling LpTimer.c...
compiling stm32f1xx_hal_gpio_ex.c...
compiling stm32f1xx_hal_rtc.c...
compiling stm32f1xx_hal_rtc_ex.c...
compiling stm32f1xx_hal.c...
compiling stm32f1xx_hal_rcc.c...
compiling stm32f1xx_hal_rcc_ex.c...
compiling stm32f1xx_hal_gpio.c...
compiling stm32f1xx_hal_dma.c...
compiling stm32f1xx_hal_cortex.c...
compiling stm32f1xx_hal_pwr.c...
compiling stm32f1xx_hal_flash.c...
compiling stm32f1xx_hal_flash_ex.c...
compiling stm32f1xx_hal_exti.c...
compiling stm32f1xx_hal_uart.c...
compiling system_stm32f1xx.c...
linking...
Program Size: Code=6068 RO-data=328 RW-data=48 ZI-data=1800  
FromELF: creating hex file...
"F103RCT6_RTC\F103RCT6_RTC.axf" - 0 Error(s), 0 Warning(s).
